<?xml version="1.0" encoding="UTF-8"?>
<robot generator="Robot 7.2 (Python 3.12.3 on win32)" generated="2025-01-27T11:34:37.542290" rpa="false" schemaversion="5">
<suite id="s1" name="Search" source="D:\Ra\Sanbercode\robot-FlightApp\Suites\search.robot">
<test id="s1-t1" name="Success Check Schedule FLight with Valid Code" line="14">
<kw name="Run Keywords" owner="BuiltIn" type="SETUP">
<kw name="Open Flight Application" owner="base">
<kw name="Open Application" owner="AppiumLibrary">
<arg>remote_url=${REMOTE_URL}</arg>
<arg>platformName=${PLAFORM_NAMA}</arg>
<arg>platformVersion=${PLAFORM_VERSION}</arg>
<arg>deviceName=${DEVICE_NAME}</arg>
<arg>appPackage=${APP_PACKAGE}</arg>
<arg>appActivity=${APP_ACTIVITY}</arg>
<doc>Opens a new application to given Appium server.
Capabilities of appium server, Android and iOS,
Please check https://appium.io/docs/en/2.1/cli/args/
| *Option*            | *Man.* | *Description*     |
| remote_url          | Yes    | Appium server url |
| alias               | no     | alias             |
| strict_ssl          | No     | allows you to send commands to an invalid certificate host like a self-signed one. |</doc>
<status status="PASS" start="2025-01-27T11:34:38.024254" elapsed="11.404338"/>
</kw>
<status status="PASS" start="2025-01-27T11:34:38.024254" elapsed="11.404338"/>
</kw>
<kw name="Login With Valid Credentials" owner="loginPage">
<kw name="Verify Home Page Appears" owner="homePage">
<kw name="Wait Until Element Is Visible" owner="AppiumLibrary">
<msg time="2025-01-27T11:34:50.007221" level="INFO">criteria is com.example.myapplication:id/imageView4</msg>
<arg>${logo_homePage}</arg>
<doc>Waits until element specified with `locator` is visible.</doc>
<status status="PASS" start="2025-01-27T11:34:49.430598" elapsed="0.577612"/>
</kw>
<status status="PASS" start="2025-01-27T11:34:49.430598" elapsed="0.577612"/>
</kw>
<kw name="Click Sign In Button On Home Page" owner="homePage">
<kw name="Wait Until Element Is Visible" owner="AppiumLibrary">
<msg time="2025-01-27T11:34:50.060126" level="INFO">criteria is com.example.myapplication:id/login</msg>
<arg>${btnSignIn_homePage}</arg>
<doc>Waits until element specified with `locator` is visible.</doc>
<status status="PASS" start="2025-01-27T11:34:50.010219" elapsed="0.050907"/>
</kw>
<kw name="Click Element" owner="AppiumLibrary">
<msg time="2025-01-27T11:34:50.067660" level="INFO">Clicking element 'com.example.myapplication:id/login'.</msg>
<msg time="2025-01-27T11:34:50.168984" level="INFO">criteria is com.example.myapplication:id/login</msg>
<arg>${btnSignIn_homePage}</arg>
<doc>Click element identified by `locator`.</doc>
<status status="PASS" start="2025-01-27T11:34:50.061126" elapsed="0.107858"/>
</kw>
<status status="PASS" start="2025-01-27T11:34:50.008210" elapsed="0.160774"/>
</kw>
<kw name="Verify Login Appears" owner="loginPage">
<kw name="Wait Until Element Is Visible" owner="AppiumLibrary">
<msg time="2025-01-27T11:34:51.014543" level="INFO">criteria is com.example.myapplication:id/username
criteria is com.example.myapplication:id/username</msg>
<arg>${fieldEmail_loginPage}</arg>
<doc>Waits until element specified with `locator` is visible.</doc>
<status status="PASS" start="2025-01-27T11:34:50.169984" elapsed="0.844559"/>
</kw>
<kw name="Wait Until Element Is Visible" owner="AppiumLibrary">
<msg time="2025-01-27T11:34:51.101348" level="INFO">criteria is com.example.myapplication:id/password</msg>
<arg>${fieldPassword_loginPage}</arg>
<doc>Waits until element specified with `locator` is visible.</doc>
<status status="PASS" start="2025-01-27T11:34:51.016052" elapsed="0.085296"/>
</kw>
<kw name="Wait Until Element Is Visible" owner="AppiumLibrary">
<msg time="2025-01-27T11:34:51.146092" level="INFO">criteria is com.example.myapplication:id/signIn</msg>
<arg>${btnSignIn_loginPage}</arg>
<doc>Waits until element specified with `locator` is visible.</doc>
<status status="PASS" start="2025-01-27T11:34:51.101348" elapsed="0.044744"/>
</kw>
<status status="PASS" start="2025-01-27T11:34:50.168984" elapsed="0.977108"/>
</kw>
<kw name="Input User Email On Login Page" owner="loginPage">
<kw name="Input Text" owner="AppiumLibrary">
<msg time="2025-01-27T11:34:51.153305" level="INFO">Typing text 'support@ngendigital.com' into text field 'com.example.myapplication:id/username'</msg>
<msg time="2025-01-27T11:34:51.214253" level="INFO">criteria is com.example.myapplication:id/username</msg>
<arg>${fieldEmail_loginPage}</arg>
<arg>${email}</arg>
<doc>Types the given `text` into text field identified by `locator`.</doc>
<status status="PASS" start="2025-01-27T11:34:51.148306" elapsed="0.065947"/>
</kw>
<arg>${email}</arg>
<status status="PASS" start="2025-01-27T11:34:51.147300" elapsed="0.066953"/>
</kw>
<kw name="Input User Password On Login Page" owner="loginPage">
<kw name="Input Text" owner="AppiumLibrary">
<msg time="2025-01-27T11:34:51.217778" level="INFO">Typing text 'abc123' into text field 'com.example.myapplication:id/password'</msg>
<msg time="2025-01-27T11:34:51.758393" level="INFO">criteria is com.example.myapplication:id/password</msg>
<arg>${fieldPassword_loginPage}</arg>
<arg>${password}</arg>
<doc>Types the given `text` into text field identified by `locator`.</doc>
<status status="PASS" start="2025-01-27T11:34:51.215252" elapsed="0.543141"/>
</kw>
<arg>${password}</arg>
<status status="PASS" start="2025-01-27T11:34:51.214253" elapsed="0.544140"/>
</kw>
<kw name="Click Sign In Button On Login Page" owner="loginPage">
<kw name="Click Element" owner="AppiumLibrary">
<msg time="2025-01-27T11:34:51.762406" level="INFO">Clicking element 'com.example.myapplication:id/signIn'.</msg>
<msg time="2025-01-27T11:34:52.316866" level="INFO">criteria is com.example.myapplication:id/signIn</msg>
<arg>${btnSignIn_loginPage}</arg>
<doc>Click element identified by `locator`.</doc>
<status status="PASS" start="2025-01-27T11:34:51.759394" elapsed="0.557472"/>
</kw>
<status status="PASS" start="2025-01-27T11:34:51.759394" elapsed="0.557472"/>
</kw>
<status status="PASS" start="2025-01-27T11:34:49.429594" elapsed="2.887272"/>
</kw>
<arg>Open Flight Application</arg>
<arg>AND</arg>
<arg>Login With Valid Credentials</arg>
<doc>Executes all the given keywords in a sequence.</doc>
<status status="PASS" start="2025-01-27T11:34:38.024254" elapsed="14.292612"/>
</kw>
<kw name="Go to Search Page" owner="searchPage">
<kw name="Wait Until Element Is Visible" owner="AppiumLibrary">
<msg time="2025-01-27T11:34:53.036057" level="INFO">criteria is com.example.myapplication:id/search_flight
criteria is com.example.myapplication:id/search_flight</msg>
<arg>${searchPageDirec_searchPage}</arg>
<doc>Waits until element specified with `locator` is visible.</doc>
<status status="PASS" start="2025-01-27T11:34:52.318198" elapsed="0.717859"/>
</kw>
<kw name="Click Element" owner="AppiumLibrary">
<msg time="2025-01-27T11:34:53.040082" level="INFO">Clicking element 'com.example.myapplication:id/search_flight'.</msg>
<msg time="2025-01-27T11:34:53.114109" level="INFO">criteria is com.example.myapplication:id/search_flight</msg>
<arg>${searchPageDirec_searchPage}</arg>
<doc>Click element identified by `locator`.</doc>
<status status="PASS" start="2025-01-27T11:34:53.036057" elapsed="0.079049"/>
</kw>
<kw name="Wait Until Element Is Visible" owner="AppiumLibrary">
<msg time="2025-01-27T11:34:54.327591" level="INFO">criteria is com.example.myapplication:id/flight_number
criteria is com.example.myapplication:id/flight_number</msg>
<arg>${verifyFieldSearch_searchPage}</arg>
<doc>Waits until element specified with `locator` is visible.</doc>
<status status="PASS" start="2025-01-27T11:34:53.115106" elapsed="1.212485"/>
</kw>
<status status="PASS" start="2025-01-27T11:34:52.318198" elapsed="2.009393"/>
</kw>
<kw name="Input Valid Flight Number" owner="searchPage">
<kw name="Input Flight Number" owner="searchPage">
<kw name="Input Text" owner="AppiumLibrary">
<msg time="2025-01-27T11:34:54.334608" level="INFO">Typing text 'DA935' into text field 'com.example.myapplication:id/flight_number'</msg>
<msg time="2025-01-27T11:34:54.405859" level="INFO">criteria is com.example.myapplication:id/flight_number</msg>
<arg>${fieldInputFlightNum_searchPage}</arg>
<arg>${flightNumber}</arg>
<doc>Types the given `text` into text field identified by `locator`.</doc>
<status status="PASS" start="2025-01-27T11:34:54.330609" elapsed="0.075250"/>
</kw>
<arg>${flightNumber}</arg>
<status status="PASS" start="2025-01-27T11:34:54.329608" elapsed="0.076251"/>
</kw>
<status status="PASS" start="2025-01-27T11:34:54.328607" elapsed="0.077252"/>
</kw>
<kw name="Click Button Search" owner="searchPage">
<kw name="Click Element" owner="AppiumLibrary">
<msg time="2025-01-27T11:34:54.410254" level="INFO">Clicking element 'com.example.myapplication:id/searchFlight'.</msg>
<msg time="2025-01-27T11:34:54.964612" level="INFO">criteria is com.example.myapplication:id/searchFlight</msg>
<arg>${btnSearchFilghtNum_searchPage}</arg>
<doc>Click element identified by `locator`.</doc>
<status status="PASS" start="2025-01-27T11:34:54.406869" elapsed="0.557743"/>
</kw>
<status status="PASS" start="2025-01-27T11:34:54.406869" elapsed="0.557743"/>
</kw>
<kw name="Verify Schedule Booking" owner="searchPage">
<kw name="Wait Until Element Is Visible" owner="AppiumLibrary">
<msg time="2025-01-27T11:34:55.822847" level="INFO">xpath criteria: //android.widget.TableRow[2]/android.widget.TextView[1]
xpath criteria: //android.widget.TableRow[2]/android.widget.TextView[1]</msg>
<arg>${verifyScheduleBooking}</arg>
<doc>Waits until element specified with `locator` is visible.</doc>
<status status="PASS" start="2025-01-27T11:34:54.966124" elapsed="0.856723"/>
</kw>
<status status="PASS" start="2025-01-27T11:34:54.966124" elapsed="0.856723"/>
</kw>
<kw name="Close Flight Application" owner="base" type="TEARDOWN">
<kw name="Close Application" owner="AppiumLibrary">
<doc>Closes the current application and also close webdriver session.</doc>
<status status="PASS" start="2025-01-27T11:34:55.824880" elapsed="0.783269"/>
</kw>
<status status="PASS" start="2025-01-27T11:34:55.823851" elapsed="0.784298"/>
</kw>
<status status="PASS" start="2025-01-27T11:34:38.023247" elapsed="18.586059"/>
</test>
<doc>Execute scenario user Check Schedule Reservation Flight</doc>
<status status="PASS" start="2025-01-27T11:34:37.544992" elapsed="19.065815"/>
</suite>
<statistics>
<total>
<stat pass="1" fail="0" skip="0">All Tests</stat>
</total>
<tag>
</tag>
<suite>
<stat name="Search" id="s1" pass="1" fail="0" skip="0">Search</stat>
</suite>
</statistics>
<errors>
</errors>
</robot>
