<?xml version="1.0" encoding="UTF-8"?>
<robot generator="Robot 7.2 (Python 3.12.3 on win32)" generated="2025-01-26T17:03:09.785441" rpa="false" schemaversion="5">
<suite id="s1" name="Booking" source="D:\Ra\Sanbercode\robot-FlightApp\Suites\booking.robot">
<test id="s1-t1" name="User Success Booking Flight Ticket From New York To London" line="15">
<kw name="Run Keywords" owner="BuiltIn" type="SETUP">
<kw name="Open Flight Application" owner="base">
<kw name="Open Application" owner="AppiumLibrary">
<arg>remote_url=${REMOTE_URL}</arg>
<arg>platformName=${PLAFORM_NAMA}</arg>
<arg>platformVersion=${PLAFORM_VERSION}</arg>
<arg>deviceName=${DEVICE_NAME}</arg>
<arg>appPackage=${APP_PACKAGE}</arg>
<arg>appActivity=${APP_ACTIVITY}</arg>
<doc>Opens a new application to given Appium server.
Capabilities of appium server, Android and iOS,
Please check https://appium.io/docs/en/2.1/cli/args/
| *Option*            | *Man.* | *Description*     |
| remote_url          | Yes    | Appium server url |
| alias               | no     | alias             |
| strict_ssl          | No     | allows you to send commands to an invalid certificate host like a self-signed one. |</doc>
<status status="PASS" start="2025-01-26T17:03:10.374763" elapsed="38.550614"/>
</kw>
<status status="PASS" start="2025-01-26T17:03:10.374763" elapsed="38.551611"/>
</kw>
<kw name="Login With Valid Credentials" owner="loginPage">
<kw name="Verify Home Page Appears" owner="homePage">
<kw name="Wait Until Element Is Visible" owner="AppiumLibrary">
<msg time="2025-01-26T17:03:49.482128" level="INFO">criteria is com.example.myapplication:id/imageView4</msg>
<arg>${logo_homePage}</arg>
<doc>Waits until element specified with `locator` is visible.</doc>
<status status="PASS" start="2025-01-26T17:03:48.928772" elapsed="0.554480"/>
</kw>
<status status="PASS" start="2025-01-26T17:03:48.928772" elapsed="0.554480"/>
</kw>
<kw name="Click Sign In Button On Home Page" owner="homePage">
<kw name="Wait Until Element Is Visible" owner="AppiumLibrary">
<msg time="2025-01-26T17:03:49.543381" level="INFO">criteria is com.example.myapplication:id/login</msg>
<arg>${btnSignIn_homePage}</arg>
<doc>Waits until element specified with `locator` is visible.</doc>
<status status="PASS" start="2025-01-26T17:03:49.483252" elapsed="0.060129"/>
</kw>
<kw name="Click Element" owner="AppiumLibrary">
<msg time="2025-01-26T17:03:49.546891" level="INFO">Clicking element 'com.example.myapplication:id/login'.</msg>
<msg time="2025-01-26T17:03:49.762071" level="INFO">criteria is com.example.myapplication:id/login</msg>
<arg>${btnSignIn_homePage}</arg>
<doc>Click element identified by `locator`.</doc>
<status status="PASS" start="2025-01-26T17:03:49.544383" elapsed="0.217688"/>
</kw>
<status status="PASS" start="2025-01-26T17:03:49.483252" elapsed="0.279829"/>
</kw>
<kw name="Verify Login Appears" owner="loginPage">
<kw name="Wait Until Element Is Visible" owner="AppiumLibrary">
<msg time="2025-01-26T17:03:51.077426" level="INFO">criteria is com.example.myapplication:id/username
criteria is com.example.myapplication:id/username
criteria is com.example.myapplication:id/username</msg>
<arg>${fieldEmail_loginPage}</arg>
<doc>Waits until element specified with `locator` is visible.</doc>
<status status="PASS" start="2025-01-26T17:03:49.763595" elapsed="1.313831"/>
</kw>
<kw name="Wait Until Element Is Visible" owner="AppiumLibrary">
<msg time="2025-01-26T17:03:51.196050" level="INFO">criteria is com.example.myapplication:id/password</msg>
<arg>${fieldPassword_loginPage}</arg>
<doc>Waits until element specified with `locator` is visible.</doc>
<status status="PASS" start="2025-01-26T17:03:51.077426" elapsed="0.120098"/>
</kw>
<kw name="Wait Until Element Is Visible" owner="AppiumLibrary">
<msg time="2025-01-26T17:03:51.251173" level="INFO">criteria is com.example.myapplication:id/signIn</msg>
<arg>${btnSignIn_loginPage}</arg>
<doc>Waits until element specified with `locator` is visible.</doc>
<status status="PASS" start="2025-01-26T17:03:51.197524" elapsed="0.053649"/>
</kw>
<status status="PASS" start="2025-01-26T17:03:49.763081" elapsed="1.488092"/>
</kw>
<kw name="Input User Email On Login Page" owner="loginPage">
<kw name="Input Text" owner="AppiumLibrary">
<msg time="2025-01-26T17:03:51.256304" level="INFO">Typing text 'support@ngendigital.com' into text field 'com.example.myapplication:id/username'</msg>
<msg time="2025-01-26T17:03:51.402920" level="INFO">criteria is com.example.myapplication:id/username</msg>
<arg>${fieldEmail_loginPage}</arg>
<arg>${email}</arg>
<doc>Types the given `text` into text field identified by `locator`.</doc>
<status status="PASS" start="2025-01-26T17:03:51.252173" elapsed="0.150747"/>
</kw>
<arg>${email}</arg>
<status status="PASS" start="2025-01-26T17:03:51.251173" elapsed="0.151747"/>
</kw>
<kw name="Input User Password On Login Page" owner="loginPage">
<kw name="Input Text" owner="AppiumLibrary">
<msg time="2025-01-26T17:03:51.410971" level="INFO">Typing text 'abc123' into text field 'com.example.myapplication:id/password'</msg>
<msg time="2025-01-26T17:03:51.958873" level="INFO">criteria is com.example.myapplication:id/password</msg>
<arg>${fieldPassword_loginPage}</arg>
<arg>${password}</arg>
<doc>Types the given `text` into text field identified by `locator`.</doc>
<status status="PASS" start="2025-01-26T17:03:51.403817" elapsed="0.555056"/>
</kw>
<arg>${password}</arg>
<status status="PASS" start="2025-01-26T17:03:51.403817" elapsed="0.555056"/>
</kw>
<kw name="Click Sign In Button On Login Page" owner="loginPage">
<kw name="Click Element" owner="AppiumLibrary">
<msg time="2025-01-26T17:03:51.965020" level="INFO">Clicking element 'com.example.myapplication:id/signIn'.</msg>
<msg time="2025-01-26T17:03:52.516821" level="INFO">criteria is com.example.myapplication:id/signIn</msg>
<arg>${btnSignIn_loginPage}</arg>
<doc>Click element identified by `locator`.</doc>
<status status="PASS" start="2025-01-26T17:03:51.959872" elapsed="0.556949"/>
</kw>
<status status="PASS" start="2025-01-26T17:03:51.958873" elapsed="0.557948"/>
</kw>
<status status="PASS" start="2025-01-26T17:03:48.926374" elapsed="3.590447"/>
</kw>
<arg>Open Flight Application</arg>
<arg>AND</arg>
<arg>Login With Valid Credentials</arg>
<doc>Executes all the given keywords in a sequence.</doc>
<status status="PASS" start="2025-01-26T17:03:10.373527" elapsed="42.143294"/>
</kw>
<kw name="Go to Booking Page" owner="bookingPage">
<kw name="Wait Until Element Is Visible" owner="AppiumLibrary">
<msg time="2025-01-26T17:03:53.342164" level="INFO">criteria is com.example.myapplication:id/book
criteria is com.example.myapplication:id/book</msg>
<arg>${bookPageDirec_bookingPage}</arg>
<doc>Waits until element specified with `locator` is visible.</doc>
<status status="PASS" start="2025-01-26T17:03:52.518816" elapsed="0.823348"/>
</kw>
<kw name="Click Element" owner="AppiumLibrary">
<msg time="2025-01-26T17:03:53.346732" level="INFO">Clicking element 'com.example.myapplication:id/book'.</msg>
<msg time="2025-01-26T17:03:53.461085" level="INFO">criteria is com.example.myapplication:id/book</msg>
<arg>${bookPageDirec_bookingPage}</arg>
<doc>Click element identified by `locator`.</doc>
<status status="PASS" start="2025-01-26T17:03:53.343223" elapsed="0.117862"/>
</kw>
<status status="PASS" start="2025-01-26T17:03:52.517822" elapsed="0.943263"/>
</kw>
<kw name="Verify Book Flight Page" owner="bookingPage">
<kw name="Wait Until Element Is Visible" owner="AppiumLibrary">
<msg time="2025-01-26T17:03:54.982088" level="INFO">criteria is com.example.myapplication:id/book_flight
criteria is com.example.myapplication:id/book_flight</msg>
<arg>${verifyBookFlightPage_bookingPage}</arg>
<doc>Waits until element specified with `locator` is visible.</doc>
<status status="PASS" start="2025-01-26T17:03:53.496817" elapsed="1.486284"/>
</kw>
<status status="PASS" start="2025-01-26T17:03:53.495804" elapsed="1.487297"/>
</kw>
<kw name="Select From New York City" owner="bookingPage">
<kw name="Click Element" owner="AppiumLibrary">
<msg time="2025-01-26T17:03:54.986104" level="INFO">Clicking element 'com.example.myapplication:id/spinnerFrom'.</msg>
<msg time="2025-01-26T17:03:55.150261" level="INFO">criteria is com.example.myapplication:id/spinnerFrom</msg>
<arg>${fromCity_bookinPage}</arg>
<doc>Click element identified by `locator`.</doc>
<status status="PASS" start="2025-01-26T17:03:54.983101" elapsed="0.167160"/>
</kw>
<kw name="Wait Until Element Is Visible" owner="AppiumLibrary">
<msg time="2025-01-26T17:03:56.277370" level="INFO">xpath criteria: //android.widget.ListView/android.widget.TextView[1]</msg>
<arg>${newyorkCity_bookinPage}</arg>
<doc>Waits until element specified with `locator` is visible.</doc>
<status status="PASS" start="2025-01-26T17:03:55.150261" elapsed="1.127109"/>
</kw>
<kw name="Click Element" owner="AppiumLibrary">
<msg time="2025-01-26T17:03:56.281355" level="INFO">Clicking element '//android.widget.ListView/android.widget.TextView[1]'.</msg>
<msg time="2025-01-26T17:03:57.120754" level="INFO">xpath criteria: //android.widget.ListView/android.widget.TextView[1]</msg>
<arg>${newyorkCity_bookinPage}</arg>
<doc>Click element identified by `locator`.</doc>
<status status="PASS" start="2025-01-26T17:03:56.278332" elapsed="0.842422"/>
</kw>
<status status="PASS" start="2025-01-26T17:03:54.983101" elapsed="2.137653"/>
</kw>
<kw name="Select To London City" owner="bookingPage">
<kw name="Click Element" owner="AppiumLibrary">
<msg time="2025-01-26T17:03:57.124284" level="INFO">Clicking element 'com.example.myapplication:id/spinnerTo'.</msg>
<msg time="2025-01-26T17:03:57.226826" level="INFO">criteria is com.example.myapplication:id/spinnerTo</msg>
<arg>${toCity_bookinPage}</arg>
<doc>Click element identified by `locator`.</doc>
<status status="PASS" start="2025-01-26T17:03:57.121262" elapsed="0.105564"/>
</kw>
<kw name="Wait Until Element Is Visible" owner="AppiumLibrary">
<msg time="2025-01-26T17:03:58.320431" level="INFO">xpath criteria: //android.widget.ListView/android.widget.TextView[1]
xpath criteria: //android.widget.ListView/android.widget.TextView[1]</msg>
<arg>${londonCity_bookinPage}</arg>
<doc>Waits until element specified with `locator` is visible.</doc>
<status status="PASS" start="2025-01-26T17:03:57.226826" elapsed="1.093605"/>
</kw>
<kw name="Click Element" owner="AppiumLibrary">
<msg time="2025-01-26T17:03:58.324024" level="INFO">Clicking element '//android.widget.ListView/android.widget.TextView[1]'.</msg>
<msg time="2025-01-26T17:03:59.293629" level="INFO">xpath criteria: //android.widget.ListView/android.widget.TextView[1]</msg>
<arg>${londonCity_bookinPage}</arg>
<doc>Click element identified by `locator`.</doc>
<status status="PASS" start="2025-01-26T17:03:58.320431" elapsed="0.973198"/>
</kw>
<status status="PASS" start="2025-01-26T17:03:57.121262" elapsed="2.172367"/>
</kw>
<kw name="Select Economy Class" owner="bookingPage">
<kw name="Click Element" owner="AppiumLibrary">
<msg time="2025-01-26T17:03:59.298485" level="INFO">Clicking element 'com.example.myapplication:id/spinnerClass'.</msg>
<msg time="2025-01-26T17:03:59.432465" level="INFO">criteria is com.example.myapplication:id/spinnerClass</msg>
<arg>${class_bookingPage}</arg>
<doc>Click element identified by `locator`.</doc>
<status status="PASS" start="2025-01-26T17:03:59.294709" elapsed="0.137756"/>
</kw>
<kw name="Wait Until Element Is Visible" owner="AppiumLibrary">
<msg time="2025-01-26T17:04:00.479645" level="INFO">xpath criteria: //android.widget.ListView/android.widget.TextView[1]
xpath criteria: //android.widget.ListView/android.widget.TextView[1]</msg>
<arg>${economyClass_bookinPage}</arg>
<doc>Waits until element specified with `locator` is visible.</doc>
<status status="PASS" start="2025-01-26T17:03:59.432465" elapsed="1.047180"/>
</kw>
<kw name="Click Element" owner="AppiumLibrary">
<msg time="2025-01-26T17:04:00.484254" level="INFO">Clicking element '//android.widget.ListView/android.widget.TextView[1]'.</msg>
<msg time="2025-01-26T17:04:01.486157" level="INFO">xpath criteria: //android.widget.ListView/android.widget.TextView[1]</msg>
<arg>${economyClass_bookinPage}</arg>
<doc>Click element identified by `locator`.</doc>
<status status="PASS" start="2025-01-26T17:04:00.480151" elapsed="1.006006"/>
</kw>
<status status="PASS" start="2025-01-26T17:03:59.293629" elapsed="2.192528"/>
</kw>
<kw name="Select Start Date" owner="bookingPage">
<kw name="Input Text Into Current Element" owner="AppiumLibrary">
<msg time="2025-01-26T17:04:01.494651" level="INFO">Typing text 'com.example.myapplication:id/textStartDate 8/1/2019' into current text field</msg>
<kw name="Capture Page Screenshot" owner="AppiumLibrary">
<msg time="2025-01-26T17:04:08.639511" level="FAIL">WebDriverException: Message: An unknown server-side error occurred while processing the command. Original error: Could not proxy command to the remote server. Original error: socket hang up
Stacktrace:
UnknownError: An unknown server-side error occurred while processing the command. Original error: Could not proxy command to the remote server. Original error: socket hang up
    at UIA2Proxy.command (C:\Users\rilaa\AppData\Local\Programs\Appium\resources\app\node_modules\appium\node_modules\appium-base-driver\lib\jsonwp-proxy\proxy.js:274:13)
    at runMicrotasks (&lt;anonymous&gt;)
    at processTicksAndRejections (internal/process/task_queues.js:85:5)</msg>
<doc>Takes a screenshot of the current page and embeds it into the log.</doc>
<status status="FAIL" start="2025-01-26T17:04:08.566159" elapsed="0.202583">WebDriverException: Message: An unknown server-side error occurred while processing the command. Original error: Could not proxy command to the remote server. Original error: socket hang up
Stacktrace:
UnknownError: An unknown server-side error occurred while processing the command. Original error: Could not proxy command to the remote server. Original error: socket hang up
    at UIA2Proxy.command (C:\Users\rilaa\AppData\Local\Programs\Appium\resources\app\node_modules\appium\node_modules\appium-base-driver\lib\jsonwp-proxy\proxy.js:274:13)
    at runMicrotasks (&lt;anonymous&gt;)
    at processTicksAndRejections (internal/process/task_queues.js:85:5)</status>
</kw>
<msg time="2025-01-26T17:04:08.773282" level="WARN">Keyword 'Capture Page Screenshot' could not be run on failure: WebDriverException: Message: An unknown server-side error occurred while processing the command. Original error: Could not proxy command to the remote server. Original error: socket hang up
Stacktrace:
UnknownError: An unknown server-side error occurred while processing the command. Original error: Could not proxy command to the remote server. Original error: socket hang up
    at UIA2Proxy.command (C:\Users\rilaa\AppData\Local\Programs\Appium\resources\app\node_modules\appium\node_modules\appium-base-driver\lib\jsonwp-proxy\proxy.js:274:13)
    at runMicrotasks (&lt;anonymous&gt;)
    at processTicksAndRejections (internal/process/task_queues.js:85:5)</msg>
<msg time="2025-01-26T17:04:08.775546" level="FAIL">WebDriverException: Message: An unknown server-side error occurred while processing the command. Original error: Could not proxy command to the remote server. Original error: socket hang up
Stacktrace:
UnknownError: An unknown server-side error occurred while processing the command. Original error: Could not proxy command to the remote server. Original error: socket hang up
    at UIA2Proxy.command (C:\Users\rilaa\AppData\Local\Programs\Appium\resources\app\node_modules\appium\node_modules\appium-base-driver\lib\jsonwp-proxy\proxy.js:274:13)
    at runMicrotasks (&lt;anonymous&gt;)
    at processTicksAndRejections (internal/process/task_queues.js:85:5)</msg>
<arg>${startDate_bookingPage} 8/1/2019</arg>
<doc>Types the given `text` into currently selected text field.</doc>
<status status="FAIL" start="2025-01-26T17:04:01.490273" elapsed="7.288274">WebDriverException: Message: An unknown server-side error occurred while processing the command. Original error: Could not proxy command to the remote server. Original error: socket hang up
Stacktrace:
UnknownError: An unknown server-side error occurred while processing the command. Original error: Could not proxy command to the remote server. Original error: socket hang up
    at UIA2Proxy.command (C:\Users\rilaa\AppData\Local\Programs\Appium\resources\app\node_modules\appium\node_modules\appium-base-driver\lib\jsonwp-proxy\proxy.js:274:13)
    at runMicrotasks (&lt;anonymous&gt;)
    at processTicksAndRejections (internal/process/task_queues.js:85:5)</status>
</kw>
<status status="FAIL" start="2025-01-26T17:04:01.490273" elapsed="7.290359">WebDriverException: Message: An unknown server-side error occurred while processing the command. Original error: Could not proxy command to the remote server. Original error: socket hang up
Stacktrace:
UnknownError: An unknown server-side error occurred while processing the command. Original error: Could not proxy command to the remote server. Original error: socket hang up
    at UIA2Proxy.command (C:\Users\rilaa\AppData\Local\Programs\Appium\resources\app\node_modules\appium\node_modules\appium-base-driver\lib\jsonwp-proxy\proxy.js:274:13)
    at runMicrotasks (&lt;anonymous&gt;)
    at processTicksAndRejections (internal/process/task_queues.js:85:5)</status>
</kw>
<kw name="Select End Date" owner="bookingPage">
<status status="NOT RUN" start="2025-01-26T17:04:08.780632" elapsed="0.000000"/>
</kw>
<kw name="Verify Choose Date Screen" owner="bookingPage">
<status status="NOT RUN" start="2025-01-26T17:04:08.780632" elapsed="0.001508"/>
</kw>
<kw name="Choose Date" owner="bookingPage">
<status status="NOT RUN" start="2025-01-26T17:04:08.782140" elapsed="0.000000"/>
</kw>
<kw name="Click Button OK" owner="bookingPage">
<status status="NOT RUN" start="2025-01-26T17:04:08.782671" elapsed="0.000000"/>
</kw>
<kw name="Verify Confirm Booking Page" owner="bookingPage">
<status status="NOT RUN" start="2025-01-26T17:04:08.782671" elapsed="0.000000"/>
</kw>
<kw name="Verify From City" owner="bookingPage">
<status status="NOT RUN" start="2025-01-26T17:04:08.783180" elapsed="0.000000"/>
</kw>
<kw name="Verify To City" owner="bookingPage">
<status status="NOT RUN" start="2025-01-26T17:04:08.783180" elapsed="0.000000"/>
</kw>
<kw name="Select Price" owner="bookingPage">
<status status="NOT RUN" start="2025-01-26T17:04:08.784191" elapsed="0.000000"/>
</kw>
<kw name="Click Button Confirm" owner="bookingPage">
<status status="NOT RUN" start="2025-01-26T17:04:08.784191" elapsed="0.000000"/>
</kw>
<kw name="Verify ID Reservation Ticket" owner="bookingPage">
<status status="NOT RUN" start="2025-01-26T17:04:08.785436" elapsed="0.000000"/>
</kw>
<kw name="Close Flight Application" owner="base" type="TEARDOWN">
<kw name="Close Application" owner="AppiumLibrary">
<kw name="Capture Page Screenshot" owner="AppiumLibrary">
<msg time="2025-01-26T17:04:13.083966" level="FAIL">InvalidSessionIdException: Message: A session is either terminated or not started
Stacktrace:
NoSuchDriverError: A session is either terminated or not started
    at asyncHandler (C:\Users\rilaa\AppData\Local\Programs\Appium\resources\app\node_modules\appium\node_modules\appium-base-driver\lib\protocol\protocol.js:243:15)
    at C:\Users\rilaa\AppData\Local\Programs\Appium\resources\app\node_modules\appium\node_modules\appium-base-driver\lib\protocol\protocol.js:423:15
    at Layer.handle [as handle_request] (C:\Users\rilaa\AppData\Local\Programs\Appium\resources\app\node_modules\appium\node_modules\express\lib\router\layer.js:95:5)
    at next (C:\Users\rilaa\AppData\Local\Programs\Appium\resources\app\node_modules\appium\node_modules\express\lib\router\route.js:137:13)
    at Route.dispatch (C:\Users\rilaa\AppData\Local\Programs\Appium\resources\app\node_modules\appium\node_modules\express\lib\router\route.js:112:3)
    at Layer.handle [as handle_request] (C:\Users\rilaa\AppData\Local\Programs\Appium\resources\app\node_modules\appium\node_modules\express\lib\router\layer.js:95:5)
    at C:\Users\rilaa\AppData\Local\Programs\Appium\resources\app\node_modules\appium\node_modules\express\lib\router\index.js:281:22
    at param (C:\Users\rilaa\AppData\Local\Programs\Appium\resources\app\node_modules\appium\node_modules\express\lib\router\index.js:354:14)
    at param (C:\Users\rilaa\AppData\Local\Programs\Appium\resources\app\node_modules\appium\node_modules\express\lib\router\index.js:365:14)
    at Function.process_params (C:\Users\rilaa\AppData\Local\Programs\Appium\resources\app\node_modules\appium\node_modules\express\lib\router\index.js:410:3)
    at next (C:\Users\rilaa\AppData\Local\Programs\Appium\resources\app\node_modules\appium\node_modules\express\lib\router\index.js:275:10)
    at logger (C:\Users\rilaa\AppData\Local\Programs\Appium\resources\app\node_modules\appium\node_modules\morgan\index.js:144:5)
    at Layer.handle [as handle_request] (C:\Users\rilaa\AppData\Local\Programs\Appium\resources\app\node_modules\appium\node_modules\express\lib\router\layer.js:95:5)
    at trim_prefix (C:\Users\rilaa\AppData\Local\Programs\Appium\resources\app\node_modules\appium\node_modules\express\lib\router\index.js:317:13)
    at C:\Users\rilaa\AppData\Local\Programs\Appium\resources\app\node_modules\appium\node_modules\express\lib\router\index.js:284:7
    at Function.process_params (C:\Users\rilaa\AppData\Local\Programs\Appium\resources\app\node_modules\appium\node_modules\express\lib\router\index.js:335:12)
    at next (C:\Users\rilaa\AppData\Local\Programs\Appium\resources\app\node_modules\appium\node_modules\express\lib\router\index.js:275:10)
    at jsonParser (C:\Users\rilaa\AppData\Local\Programs\Appium\resources\app\node_modules\appium\node_modules\body-parser\lib\types\json.js:110:7)
    at Layer.handle [as handle_request] (C:\Users\rilaa\AppData\Local\Programs\Appium\resources\app\node_modules\appium\node_modules\express\lib\router\layer.js:95:5)
    at trim_prefix (C:\Users\rilaa\AppData\Local\Programs\Appium\resources\app\node_modules\appium\node_modules\express\lib\router\index.js:317:13)
    at C:\Users\rilaa\AppData\Local\Programs\Appium\resources\app\node_modules\appium\node_modules\express\lib\router\index.js:284:7
    at Function.process_params (C:\Users\rilaa\AppData\Local\Programs\Appium\resources\app\node_modules\appium\node_modules\express\lib\router\index.js:335:12)
    at next (C:\Users\rilaa\AppData\Local\Programs\Appium\resources\app\node_modules\appium\node_modules\express\lib\router\index.js:275:10)
    at Layer.handle [as handle_request] (C:\Users\rilaa\AppData\Local\Programs\Appium\resources\app\node_modules\appium\node_modules\express\lib\router\layer.js:91:12)
    at trim_prefix (C:\Users\rilaa\AppData\Local\Programs\Appium\resources\app\node_modules\appium\node_modules\express\lib\router\index.js:317:13)
    at C:\Users\rilaa\AppData\Local\Programs\Appium\resources\app\node_modules\appium\node_modules\express\lib\router\index.js:284:7
    at Function.process_params (C:\Users\rilaa\AppData\Local\Programs\Appium\resources\app\node_modules\appium\node_modules\express\lib\router\index.js:335:12)
    at next (C:\Users\rilaa\AppData\Local\Programs\Appium\resources\app\node_modules\appium\node_modules\express\lib\router\index.js:275:10)</msg>
<doc>Takes a screenshot of the current page and embeds it into the log.</doc>
<status status="FAIL" start="2025-01-26T17:04:12.612379" elapsed="0.510853">InvalidSessionIdException: Message: A session is either terminated or not started
Stacktrace:
NoSuchDriverError: A session is either terminated or not started
    at asyncHandler (C:\Users\rilaa\AppData\Local\Programs\Appium\resources\app\node_modules\appium\node_modules\appium-base-driver\lib\protocol\protocol.js:243:15)
    at C:\Users\rilaa\AppData\Local\Programs\Appium\resources\app\node_modules\appium\node_modules\appium-base-driver\lib\protocol\protocol.js:423:15
    at Layer.handle [as handle_request] (C:\Users\rilaa\AppData\Local\Programs\Appium\resources\app\node_modules\appium\node_modules\express\lib\router\layer.js:95:5)
    at next (C:\Users\rilaa\AppData\Local\Programs\Appium\resources\app\node_modules\appium\node_modules\express\lib\router\route.js:137:13)
    at Route.dispatch (C:\Users\rilaa\AppData\Local\Programs\Appium\resources\app\node_modules\appium\node_modules\express\lib\router\route.js:112:3)
    at Layer.handle [as handle_request] (C:\Users\rilaa\AppData\Local\Programs\Appium\resources\app\node_modules\appium\node_modules\express\lib\router\layer.js:95:5)
    at C:\Users\rilaa\AppData\Local\Programs\Appium\resources\app\node_modu...
    [ Message content over the limit has been removed. ]
...es\app\node_modules\appium\node_modules\express\lib\router\index.js:317:13)
    at C:\Users\rilaa\AppData\Local\Programs\Appium\resources\app\node_modules\appium\node_modules\express\lib\router\index.js:284:7
    at Function.process_params (C:\Users\rilaa\AppData\Local\Programs\Appium\resources\app\node_modules\appium\node_modules\express\lib\router\index.js:335:12)
    at next (C:\Users\rilaa\AppData\Local\Programs\Appium\resources\app\node_modules\appium\node_modules\express\lib\router\index.js:275:10)
    at Layer.handle [as handle_request] (C:\Users\rilaa\AppData\Local\Programs\Appium\resources\app\node_modules\appium\node_modules\express\lib\router\layer.js:91:12)
    at trim_prefix (C:\Users\rilaa\AppData\Local\Programs\Appium\resources\app\node_modules\appium\node_modules\express\lib\router\index.js:317:13)
    at C:\Users\rilaa\AppData\Local\Programs\Appium\resources\app\node_modules\appium\node_modules\express\lib\router\index.js:284:7
    at Function.process_params (C:\Users\rilaa\AppData\Local\Programs\Appium\resources\app\node_modules\appium\node_modules\express\lib\router\index.js:335:12)
    at next (C:\Users\rilaa\AppData\Local\Programs\Appium\resources\app\node_modules\appium\node_modules\express\lib\router\index.js:275:10)</status>
</kw>
<msg time="2025-01-26T17:04:13.126389" level="WARN">Keyword 'Capture Page Screenshot' could not be run on failure: InvalidSessionIdException: Message: A session is either terminated or not started
Stacktrace:
NoSuchDriverError: A session is either terminated or not started
    at asyncHandler (C:\Users\rilaa\AppData\Local\Programs\Appium\resources\app\node_modules\appium\node_modules\appium-base-driver\lib\protocol\protocol.js:243:15)
    at C:\Users\rilaa\AppData\Local\Programs\Appium\resources\app\node_modules\appium\node_modules\appium-base-driver\lib\protocol\protocol.js:423:15
    at Layer.handle [as handle_request] (C:\Users\rilaa\AppData\Local\Programs\Appium\resources\app\node_modules\appium\node_modules\express\lib\router\layer.js:95:5)
    at next (C:\Users\rilaa\AppData\Local\Programs\Appium\resources\app\node_modules\appium\node_modules\express\lib\router\route.js:137:13)
    at Route.dispatch (C:\Users\rilaa\AppData\Local\Programs\Appium\resources\app\node_modules\appium\node_modules\express\lib\router\route.js:112:3)
    at Layer.handle [as handle_request] (C:\Users\rilaa\AppData\Local\Programs\Appium\resources\app\node_modules\appium\node_modules\express\lib\router\layer.js:95:5)
    at C:\Users\rilaa\AppData\Local\Programs\Appium\resources\app\node_modu...
    [ Message content over the limit has been removed. ]
...es\app\node_modules\appium\node_modules\express\lib\router\index.js:317:13)
    at C:\Users\rilaa\AppData\Local\Programs\Appium\resources\app\node_modules\appium\node_modules\express\lib\router\index.js:284:7
    at Function.process_params (C:\Users\rilaa\AppData\Local\Programs\Appium\resources\app\node_modules\appium\node_modules\express\lib\router\index.js:335:12)
    at next (C:\Users\rilaa\AppData\Local\Programs\Appium\resources\app\node_modules\appium\node_modules\express\lib\router\index.js:275:10)
    at Layer.handle [as handle_request] (C:\Users\rilaa\AppData\Local\Programs\Appium\resources\app\node_modules\appium\node_modules\express\lib\router\layer.js:91:12)
    at trim_prefix (C:\Users\rilaa\AppData\Local\Programs\Appium\resources\app\node_modules\appium\node_modules\express\lib\router\index.js:317:13)
    at C:\Users\rilaa\AppData\Local\Programs\Appium\resources\app\node_modules\appium\node_modules\express\lib\router\index.js:284:7
    at Function.process_params (C:\Users\rilaa\AppData\Local\Programs\Appium\resources\app\node_modules\appium\node_modules\express\lib\router\index.js:335:12)
    at next (C:\Users\rilaa\AppData\Local\Programs\Appium\resources\app\node_modules\appium\node_modules\express\lib\router\index.js:275:10)</msg>
<msg time="2025-01-26T17:04:13.131994" level="FAIL">WebDriverException: Message: An unknown server-side error occurred while processing the command. Original error: Error executing adbExec. Original error: 'Command 'C:\\Users\\rilaa\\AppData\\Local\\Android\\Sdk\\platform-tools\\adb.exe -P 5037 -s emulator-5554 shell 'settings delete global hidden_api_policy_pre_p_apps;settings delete global hidden_api_policy_p_apps;settings delete global hidden_api_policy'' exited with code 20'; Stderr: 'cmd: Can't find service: settings
cmd: Can't find service: settings
cmd: Can't find service: settings'; Code: '20'
Stacktrace:
UnknownError: An unknown server-side error occurred while processing the command. Original error: Error executing adbExec. Original error: 'Command 'C:\\Users\\rilaa\\AppData\\Local\\Android\\Sdk\\platform-tools\\adb.exe -P 5037 -s emulator-5554 shell 'settings delete global hidden_api_policy_pre_p_apps;settings delete global hidden_api_policy_p_apps;settings delete global hidden_api_policy'' exited with code 20'; Stderr: 'cmd: Can't find service: settings
cmd: Can't find service: settings
cmd: Can't find service: settings'; Code: '20'
    at getResponseForW3CError (C:\Users\rilaa\AppData\Local\Programs\Appium\resources\app\node_modules\appium\node_modules\appium-base-driver\lib\protocol\errors.js:804:9)
    at asyncHandler (C:\Users\rilaa\AppData\Local\Programs\Appium\resources\app\node_modules\appium\node_modules\appium-base-driver\lib\protocol\protocol.js:380:37)</msg>
<doc>Closes the current application and also close webdriver session.</doc>
<status status="FAIL" start="2025-01-26T17:04:08.786463" elapsed="4.347540">WebDriverException: Message: An unknown server-side error occurred while processing the command. Original error: Error executing adbExec. Original error: 'Command 'C:\\Users\\rilaa\\AppData\\Local\\Android\\Sdk\\platform-tools\\adb.exe -P 5037 -s emulator-5554 shell 'settings delete global hidden_api_policy_pre_p_apps;settings delete global hidden_api_policy_p_apps;settings delete global hidden_api_policy'' exited with code 20'; Stderr: 'cmd: Can't find service: settings
cmd: Can't find service: settings
cmd: Can't find service: settings'; Code: '20'
Stacktrace:
UnknownError: An unknown server-side error occurred while processing the command. Original error: Error executing adbExec. Original error: 'Command 'C:\\Users\\rilaa\\AppData\\Local\\Android\\Sdk\\platform-tools\\adb.exe -P 5037 -s emulator-5554 shell 'settings delete global hidden_api_policy_pre_p_apps;settings delete global hidden_api_policy_p_apps;settings delete global hidden_api_policy'' exited with code 20'; Stderr: 'cmd: Can't find service: settings
cmd: Can't find service: settings
cmd: Can't find service: settings'; Code: '20'
    at getResponseForW3CError (C:\Users\rilaa\AppData\Local\Programs\Appium\resources\app\node_modules\appium\node_modules\appium-base-driver\lib\protocol\errors.js:804:9)
    at asyncHandler (C:\Users\rilaa\AppData\Local\Programs\Appium\resources\app\node_modules\appium\node_modules\appium-base-driver\lib\protocol\protocol.js:380:37)</status>
</kw>
<status status="FAIL" start="2025-01-26T17:04:08.786463" elapsed="4.347540">WebDriverException: Message: An unknown server-side error occurred while processing the command. Original error: Error executing adbExec. Original error: 'Command 'C:\\Users\\rilaa\\AppData\\Local\\Android\\Sdk\\platform-tools\\adb.exe -P 5037 -s emulator-5554 shell 'settings delete global hidden_api_policy_pre_p_apps;settings delete global hidden_api_policy_p_apps;settings delete global hidden_api_policy'' exited with code 20'; Stderr: 'cmd: Can't find service: settings
cmd: Can't find service: settings
cmd: Can't find service: settings'; Code: '20'
Stacktrace:
UnknownError: An unknown server-side error occurred while processing the command. Original error: Error executing adbExec. Original error: 'Command 'C:\\Users\\rilaa\\AppData\\Local\\Android\\Sdk\\platform-tools\\adb.exe -P 5037 -s emulator-5554 shell 'settings delete global hidden_api_policy_pre_p_apps;settings delete global hidden_api_policy_p_apps;settings delete global hidden_api_policy'' exited with code 20'; Stderr: 'cmd: Can't find service: settings
cmd: Can't find service: settings
cmd: Can't find service: settings'; Code: '20'
    at getResponseForW3CError (C:\Users\rilaa\AppData\Local\Programs\Appium\resources\app\node_modules\appium\node_modules\appium-base-driver\lib\protocol\errors.js:804:9)
    at asyncHandler (C:\Users\rilaa\AppData\Local\Programs\Appium\resources\app\node_modules\appium\node_modules\appium-base-driver\lib\protocol\protocol.js:380:37)</status>
</kw>
<status status="FAIL" start="2025-01-26T17:03:10.372396" elapsed="62.762617">WebDriverException: Message: An unknown server-side error occurred while processing the command. Original error: Could not proxy command to the remote server. Original error: socket hang up
Stacktrace:
UnknownError: An unknown server-side error occurred while processing the command. Original error: Could not proxy command to the remote server. Original error: socket hang up
    at UIA2Proxy.command (C:\Users\rilaa\AppData\Local\Programs\Appium\resources\app\node_modules\appium\node_modules\appium-base-driver\lib\jsonwp-proxy\proxy.js:274:13)
    at runMicrotasks (&lt;anonymous&gt;)
    at processTicksAndRejections (internal/process/task_queues.js:85:5)

Also teardown failed:
WebDriverException: Message: An unknown server-side error occurred while processing the command. Original error: Error executing adbExec. Original error: 'Command 'C:\\Users\\rilaa\\AppData\\Local\\Android\\Sdk\\platform-tools\\adb.exe -P 5037 -s emulator-5554 shell 'settings delete global hidden_api_policy_pre_p_apps;settings delete global hidden_api_policy_p_apps;settings delete global hidden_api_policy'' exited with code 20'; Stderr: 'cmd: Can't find service: settings
cmd: Can't find service: settings
cmd: Can't find service: settings'; Code: '20'
Stacktrace:
UnknownError: An unknown server-side error occurred while processing the command. Original error: Error executing adbExec. Original error: 'Command 'C:\\Users\\rilaa\\AppData\\Local\\Android\\Sdk\\platform-tools\\adb.exe -P 5037 -s emulator-5554 shell 'settings delete global hidden_api_policy_pre_p_apps;settings delete global hidden_api_policy_p_apps;settings delete global hidden_api_policy'' exited with code 20'; Stderr: 'cmd: Can't find service: settings
cmd: Can't find service: settings
cmd: Can't find service: settings'; Code: '20'
    at getResponseForW3CError (C:\Users\rilaa\AppData\Local\Programs\Appium\resources\app\node_modules\appium\node_modules\appium-base-driver\lib\protocol\errors.js:804:9)
    at asyncHandler (C:\Users\rilaa\AppData\Local\Programs\Appium\resources\app\node_modules\appium\node_modules\appium-base-driver\lib\protocol\protocol.js:380:37)</status>
</test>
<doc>Execute scenario user Reservation Flight Ticket</doc>
<status status="FAIL" start="2025-01-26T17:03:09.787442" elapsed="63.358113"/>
</suite>
<statistics>
<total>
<stat pass="0" fail="1" skip="0">All Tests</stat>
</total>
<tag>
</tag>
<suite>
<stat name="Booking" id="s1" pass="0" fail="1" skip="0">Booking</stat>
</suite>
</statistics>
<errors>
<msg time="2025-01-26T17:04:08.773282" level="WARN">Keyword 'Capture Page Screenshot' could not be run on failure: WebDriverException: Message: An unknown server-side error occurred while processing the command. Original error: Could not proxy command to the remote server. Original error: socket hang up
Stacktrace:
UnknownError: An unknown server-side error occurred while processing the command. Original error: Could not proxy command to the remote server. Original error: socket hang up
    at UIA2Proxy.command (C:\Users\rilaa\AppData\Local\Programs\Appium\resources\app\node_modules\appium\node_modules\appium-base-driver\lib\jsonwp-proxy\proxy.js:274:13)
    at runMicrotasks (&lt;anonymous&gt;)
    at processTicksAndRejections (internal/process/task_queues.js:85:5)</msg>
<msg time="2025-01-26T17:04:13.126389" level="WARN">Keyword 'Capture Page Screenshot' could not be run on failure: InvalidSessionIdException: Message: A session is either terminated or not started
Stacktrace:
NoSuchDriverError: A session is either terminated or not started
    at asyncHandler (C:\Users\rilaa\AppData\Local\Programs\Appium\resources\app\node_modules\appium\node_modules\appium-base-driver\lib\protocol\protocol.js:243:15)
    at C:\Users\rilaa\AppData\Local\Programs\Appium\resources\app\node_modules\appium\node_modules\appium-base-driver\lib\protocol\protocol.js:423:15
    at Layer.handle [as handle_request] (C:\Users\rilaa\AppData\Local\Programs\Appium\resources\app\node_modules\appium\node_modules\express\lib\router\layer.js:95:5)
    at next (C:\Users\rilaa\AppData\Local\Programs\Appium\resources\app\node_modules\appium\node_modules\express\lib\router\route.js:137:13)
    at Route.dispatch (C:\Users\rilaa\AppData\Local\Programs\Appium\resources\app\node_modules\appium\node_modules\express\lib\router\route.js:112:3)
    at Layer.handle [as handle_request] (C:\Users\rilaa\AppData\Local\Programs\Appium\resources\app\node_modules\appium\node_modules\express\lib\router\layer.js:95:5)
    at C:\Users\rilaa\AppData\Local\Programs\Appium\resources\app\node_modu...
    [ Message content over the limit has been removed. ]
...es\app\node_modules\appium\node_modules\express\lib\router\index.js:317:13)
    at C:\Users\rilaa\AppData\Local\Programs\Appium\resources\app\node_modules\appium\node_modules\express\lib\router\index.js:284:7
    at Function.process_params (C:\Users\rilaa\AppData\Local\Programs\Appium\resources\app\node_modules\appium\node_modules\express\lib\router\index.js:335:12)
    at next (C:\Users\rilaa\AppData\Local\Programs\Appium\resources\app\node_modules\appium\node_modules\express\lib\router\index.js:275:10)
    at Layer.handle [as handle_request] (C:\Users\rilaa\AppData\Local\Programs\Appium\resources\app\node_modules\appium\node_modules\express\lib\router\layer.js:91:12)
    at trim_prefix (C:\Users\rilaa\AppData\Local\Programs\Appium\resources\app\node_modules\appium\node_modules\express\lib\router\index.js:317:13)
    at C:\Users\rilaa\AppData\Local\Programs\Appium\resources\app\node_modules\appium\node_modules\express\lib\router\index.js:284:7
    at Function.process_params (C:\Users\rilaa\AppData\Local\Programs\Appium\resources\app\node_modules\appium\node_modules\express\lib\router\index.js:335:12)
    at next (C:\Users\rilaa\AppData\Local\Programs\Appium\resources\app\node_modules\appium\node_modules\express\lib\router\index.js:275:10)</msg>
</errors>
</robot>
